2	0.10121957	chargersw.exe	IRP_MJ_CREATE	Serial2	SUCCESS	Options: Open 	
3	0.00000587	chargersw.exe	IOCTL_SERIAL_GET_BAUD_RATE	Serial2	SUCCESS		
4	0.00000447	chargersw.exe	IOCTL_SERIAL_GET_LINE_CONTROL	Serial2	SUCCESS		
5	0.00000419	chargersw.exe	IOCTL_SERIAL_GET_CHARS	Serial2	SUCCESS		
6	0.00000391	chargersw.exe	IOCTL_SERIAL_GET_HANDFLOW	Serial2	SUCCESS		
7	0.00000391	chargersw.exe	IOCTL_SERIAL_GET_BAUD_RATE	Serial2	SUCCESS		
8	0.00000391	chargersw.exe	IOCTL_SERIAL_GET_LINE_CONTROL	Serial2	SUCCESS		
9	0.00000391	chargersw.exe	IOCTL_SERIAL_GET_CHARS	Serial2	SUCCESS		
10	0.00000391	chargersw.exe	IOCTL_SERIAL_GET_HANDFLOW	Serial2	SUCCESS		
11	0.00253021	chargersw.exe	IOCTL_SERIAL_SET_BAUD_RATE	Serial2	SUCCESS	Rate: 9600	
12	0.00188097	chargersw.exe	IOCTL_SERIAL_SET_RTS	Serial2	SUCCESS		
13	0.00295987	chargersw.exe	IOCTL_SERIAL_SET_DTR	Serial2	SUCCESS		
14	0.00291238	chargersw.exe	IOCTL_SERIAL_SET_LINE_CONTROL	Serial2	SUCCESS	StopBits: 1 Parity: NONE WordLength: 8	
15	0.00299256	chargersw.exe	IOCTL_SERIAL_SET_CHAR	Serial2	SUCCESS	EOF:0 ERR:0 BRK:0 EVT:0 XON:11 XOFF:13	
16	0.00592394	chargersw.exe	IOCTL_SERIAL_SET_HANDFLOW	Serial2	SUCCESS	Shake:1 Replace:40 XonLimit:2048 XoffLimit:512	
17	0.00000475	chargersw.exe	IOCTL_SERIAL_GET_TIMEOUTS	Serial2	SUCCESS		
18	0.00000419	chargersw.exe	IOCTL_SERIAL_SET_TIMEOUTS	Serial2	SUCCESS	RI:1000 RM:1 RC:200 WM:0 WC:0	
19	0.00000503	chargersw.exe	IOCTL_SERIAL_PURGE	Serial2	SUCCESS	Purge: TXCLEAR RXCLEAR	
20	0.00000363	chargersw.exe	IOCTL_SERIAL_GET_BAUD_RATE	Serial2	SUCCESS		
21	0.00000391	chargersw.exe	IOCTL_SERIAL_GET_LINE_CONTROL	Serial2	SUCCESS		
22	0.00000391	chargersw.exe	IOCTL_SERIAL_GET_CHARS	Serial2	SUCCESS		
23	0.00000391	chargersw.exe	IOCTL_SERIAL_GET_HANDFLOW	Serial2	SUCCESS		
24	0.00282243	chargersw.exe	IOCTL_SERIAL_SET_BAUD_RATE	Serial2	SUCCESS	Rate: 9600	
25	0.00285930	chargersw.exe	IOCTL_SERIAL_SET_RTS	Serial2	SUCCESS		
26	0.00196058	chargersw.exe	IOCTL_SERIAL_CLR_DTR	Serial2	SUCCESS		
27	0.00295010	chargersw.exe	IOCTL_SERIAL_SET_LINE_CONTROL	Serial2	SUCCESS	StopBits: 1 Parity: NONE WordLength: 8	
28	0.00294702	chargersw.exe	IOCTL_SERIAL_SET_CHAR	Serial2	SUCCESS	EOF:0 ERR:0 BRK:0 EVT:0 XON:11 XOFF:13	
29	0.00690926	chargersw.exe	IOCTL_SERIAL_SET_HANDFLOW	Serial2	SUCCESS	Shake:0 Replace:40 XonLimit:2048 XoffLimit:512	
30	0.00186979	chargersw.exe	IRP_MJ_WRITE	Serial2	SUCCESS	Length 6: 55 55 55 55 04 01 	
31	0.00000503	chargersw.exe	IRP_MJ_FLUSH_BUFFERS	Serial2	SUCCESS		
32	0.02036851	chargersw.exe	IRP_MJ_CLEANUP	Serial2	SUCCESS		
33	0.03744135	chargersw.exe	IRP_MJ_CLOSE	Serial2	SUCCESS		
